<?xml version="1.0" encoding="UTF-8"?>
<!-- Generated by org.testng.reporters.JUnitReportReporter -->
<testsuite hostname="LAPTOP-UA1F7RES" failures="0" tests="3" name="com.tests.testng.day1.TestNGOne" time="0.014" errors="0" timestamp="2023-10-25T14:14:09 PDT" skipped="0">
  <testcase classname="com.tests.testng.day1.TestNGOne" name="testing_3" time="0.001"/>
  <system-out/>
  <testcase classname="com.tests.testng.day1.TestNGOne" name="testing_1" time="0.012"/>
  <system-out/>
  <testcase classname="com.tests.testng.day1.TestNGOne" name="testing_2" time="0.001"/>
  <system-out/>
</testsuite> <!-- com.tests.testng.day1.TestNGOne -->
