<?xml version="1.0" encoding="UTF-8"?>
<!-- Generated by org.testng.reporters.JUnitReportReporter -->
<testsuite hostname="LAPTOP-UA1F7RES" failures="0" tests="1" name="com.test.testng.TestNGAssertion" time="0.016" errors="0" timestamp="2023-10-20T03:49:53 PDT" skipped="0">
  <testcase classname="com.test.testng.TestNGAssertion" name="testing" time="0.016"/>
  <system-out/>
</testsuite> <!-- com.test.testng.TestNGAssertion -->
