<?xml version="1.0" encoding="UTF-8"?>
<!-- Generated by org.testng.reporters.JUnitReportReporter -->
<testsuite hostname="LAPTOP-UA1F7RES" failures="0" tests="1" name="com.test.testng.AfterBefore_NG2" time="0.002" errors="0" timestamp="2023-10-20T03:26:41 PDT" skipped="0">
  <testcase classname="com.test.testng.AfterBefore_NG2" name="testing" time="0.002"/>
  <system-out/>
</testsuite> <!-- com.test.testng.AfterBefore_NG2 -->
