<?xml version="1.0" encoding="UTF-8"?>
<!-- Generated by org.testng.reporters.JUnitReportReporter -->
<testsuite hostname="LAPTOP-UA1F7RES" failures="0" tests="2" name="com.tests.testng.ParamsNG" time="0.011" errors="0" timestamp="2023-10-25T14:17:11 PDT" skipped="0">
  <testcase classname="com.tests.testng.ParamsNG" name="Sum" time="0.001"/>
  <system-out/>
  <testcase classname="com.tests.testng.ParamsNG" name="Diff" time="0.010"/>
  <system-out/>
</testsuite> <!-- com.tests.testng.ParamsNG -->
