<?xml version="1.0" encoding="UTF-8"?>
<!-- Generated by org.testng.reporters.JUnitReportReporter -->
<testsuite hostname="LAPTOP-UA1F7RES" failures="0" tests="3" name="com.test.testng.AfterBefore_testNG1" time="0.010" errors="0" timestamp="2023-10-20T03:26:41 PDT" skipped="0">
  <testcase classname="com.test.testng.AfterBefore_testNG1" name="testing_1" time="0.005"/>
  <system-out/>
  <testcase classname="com.test.testng.AfterBefore_testNG1" name="testing_2" time="0.004"/>
  <system-out/>
  <testcase classname="com.test.testng.AfterBefore_testNG1" name="testing_3" time="0.001"/>
  <system-out/>
</testsuite> <!-- com.test.testng.AfterBefore_testNG1 -->
