<?xml version="1.0" encoding="UTF-8"?>
<!-- Generated by org.testng.reporters.JUnitReportReporter -->
<testsuite hostname="LAPTOP-UA1F7RES" failures="0" tests="2" name="com.test.testng.Params" time="0.012" errors="0" timestamp="2023-10-19T08:38:43 PDT" skipped="0">
  <testcase classname="com.test.testng.Params" name="Diff" time="0.011"/>
  <system-out/>
  <testcase classname="com.test.testng.Params" name="Sum" time="0.001"/>
  <system-out/>
</testsuite> <!-- com.test.testng.Params -->
