<?xml version="1.0" encoding="UTF-8"?>
<!-- Generated by org.testng.reporters.JUnitReportReporter -->
<testsuite hostname="LAPTOP-UA1F7RES" failures="0" tests="3" name="com.test.testng.AfterBefore" time="0.015" errors="0" timestamp="2023-10-19T20:40:50 PDT" skipped="0">
  <testcase classname="com.test.testng.AfterBefore" name="testing_3" time="0.005"/>
  <system-out/>
  <testcase classname="com.test.testng.AfterBefore" name="testing_1" time="0.007"/>
  <system-out/>
  <testcase classname="com.test.testng.AfterBefore" name="testing_2" time="0.003"/>
  <system-out/>
</testsuite> <!-- com.test.testng.AfterBefore -->
