<?xml version="1.0" encoding="UTF-8"?>
<!-- Generated by org.testng.reporters.JUnitReportReporter -->
<testsuite hostname="LAPTOP-UA1F7RES" failures="0" tests="2" name="com.test.testng.TestNgDataProvider" time="0.007" errors="0" timestamp="2023-10-20T05:11:56 PDT" skipped="0">
  <testcase classname="com.test.testng.TestNgDataProvider" name="addition" time="0.001"/>
  <system-out/>
  <testcase classname="com.test.testng.TestNgDataProvider" name="addition" time="0.006"/>
  <system-out/>
</testsuite> <!-- com.test.testng.TestNgDataProvider -->
